<?xml version="1.0" encoding="UTF-8"?>
<testsuite xmlns:xsi="http://www.w3.org/2001/XMLSchema-instance" xsi:noNamespaceSchemaLocation="https://maven.apache.org/surefire/maven-surefire-plugin/xsd/surefire-test-report-3.0.xsd" version="3.0" name="se.iths.CalculatorTest" time="0.122" tests="9" errors="0" skipped="0" failures="0">
  <properties>
[...]
</properties>
  <testcase name="testException" classname="se.iths.CalculatorTest" time="0.023">
    <system-out><![CDATA[Runs every test
Exception was thrown!
]]></system-out>
  </testcase>
  <testcase name="testAdd(int)[1]" classname="se.iths.CalculatorTest" time="0.028">
    <system-out><![CDATA[Runs every test
]]></system-out>
  </testcase>
  <testcase name="testAdd(int)[2]" classname="se.iths.CalculatorTest" time="0.001">
    <system-out><![CDATA[Runs every test
]]></system-out>
  </testcase>
  <testcase name="testAdd(int)[3]" classname="se.iths.CalculatorTest" time="0.001">
    <system-out><![CDATA[Runs every test
]]></system-out>
  </testcase>
  <testcase name="testSubtract" classname="se.iths.CalculatorTest" time="0.001">
    <system-out><![CDATA[Runs every test
]]></system-out>
  </testcase>
  <testcase name="testArray" classname="se.iths.CalculatorTest" time="0.002">
    <system-out><![CDATA[Runs every test
]]></system-out>
  </testcase>
  <testcase name="testAdd2" classname="se.iths.CalculatorTest" time="0">
    <system-out><![CDATA[Runs every test
]]></system-out>
  </testcase>
  <testcase name="testDivide" classname="se.iths.CalculatorTest" time="0">
    <system-out><![CDATA[Runs every test
]]></system-out>
  </testcase>
  <testcase name="testMultiply" classname="se.iths.CalculatorTest" time="0.001">
    <system-out><![CDATA[Runs every test
]]></system-out>
  </testcase>
</testsuite>